1614790592281	mozrunner::runner	INFO	Running command: "C:\\Program Files\\Mozilla Firefox\\firefox.exe" "-marionette" "-foreground" "-no-remote" "-profile" "C:\\Users\\Dell\\AppData\\Local\\Temp\\rust_mozprofileayv1Wd"
JavaScript error: resource://gre/modules/XULStore.jsm, line 66: Error: Can't find profile directory.
console.warn: SearchSettings: "get: No settings file exists, new profile?" (new Error("", "(unknown module)"))
1614790597771	Marionette	INFO	Listening on port 63722
1614790598119	Marionette	WARN	TLS certificate errors will be ignored for this session
ConvertWinError received an unrecognized WinError: 0x7b
1614790616296	Marionette	INFO	Stopped listening on port 63722

###!!! [Child][RunMessage] Error: Channel closing: too late to send/recv, messages will be lost

1614790663047	mozrunner::runner	INFO	Running command: "C:\\Program Files\\Mozilla Firefox\\firefox.exe" "-marionette" "-foreground" "-no-remote" "-profile" "C:\\Users\\Dell\\AppData\\Local\\Temp\\rust_mozprofileZT5rdD"
JavaScript error: resource://gre/modules/XULStore.jsm, line 66: Error: Can't find profile directory.
console.warn: SearchSettings: "get: No settings file exists, new profile?" (new Error("", "(unknown module)"))
1614790667636	Marionette	INFO	Listening on port 63817
1614790667831	Marionette	WARN	TLS certificate errors will be ignored for this session
console.error: Region.jsm: "Error fetching region" (new Error("TIMEOUT", "resource://gre/modules/Region.jsm", 775))
console.error: Region.jsm: "Failed to fetch region" (new Error("TIMEOUT", "resource://gre/modules/Region.jsm", 422))
JavaScript error: resource://activity-stream/lib/ASRouter.jsm, line 988: NS_ERROR_ILLEGAL_VALUE: Component returned failure code: 0x80070057 (NS_ERROR_ILLEGAL_VALUE) [nsIObserverService.removeObserver]
console.error: services.settings: 
  main/message-groups Signature failed  TypeError: NetworkError when attempting to fetch resource.
console.error: services.settings: 
  main/partitioning-exempt-urls Signature failed  TypeError: NetworkError when attempting to fetch resource.
1614790672224	Marionette	INFO	Stopped listening on port 63817

###!!! [Child][RunMessage] Error: Channel closing: too late to send/recv, messages will be lost

1614790736245	mozrunner::runner	INFO	Running command: "C:\\Program Files\\Mozilla Firefox\\firefox.exe" "-marionette" "-foreground" "-no-remote" "-profile" "C:\\Users\\Dell\\AppData\\Local\\Temp\\rust_mozprofileAOR6Tj"
JavaScript error: resource://gre/modules/XULStore.jsm, line 66: Error: Can't find profile directory.
console.warn: SearchSettings: "get: No settings file exists, new profile?" (new Error("", "(unknown module)"))
console.error: Region.jsm: "Error fetching region" (new TypeError("NetworkError when attempting to fetch resource.", ""))
console.error: Region.jsm: "Failed to fetch region" (new Error("NO_RESULT", "resource://gre/modules/Region.jsm", 422))
1614790742051	Marionette	INFO	Listening on port 63948
1614790742603	Marionette	WARN	TLS certificate errors will be ignored for this session
ConvertWinError received an unrecognized WinError: 0x7b
1614790751269	Marionette	INFO	Stopped listening on port 63948

###!!! [Child][RunMessage] Error: Channel closing: too late to send/recv, messages will be lost

1614790826299	mozrunner::runner	INFO	Running command: "C:\\Program Files\\Mozilla Firefox\\firefox.exe" "-marionette" "-foreground" "-no-remote" "-profile" "C:\\Users\\Dell\\AppData\\Local\\Temp\\rust_mozprofileGxArdv"
JavaScript error: resource://gre/modules/XULStore.jsm, line 66: Error: Can't find profile directory.
console.warn: SearchSettings: "get: No settings file exists, new profile?" (new Error("", "(unknown module)"))
console.error: Region.jsm: "Error fetching region" (new TypeError("NetworkError when attempting to fetch resource.", ""))
console.error: Region.jsm: "Failed to fetch region" (new Error("NO_RESULT", "resource://gre/modules/Region.jsm", 422))
1614790831018	Marionette	INFO	Listening on port 64010
1614790831097	Marionette	WARN	TLS certificate errors will be ignored for this session
ConvertWinError received an unrecognized WinError: 0x7b
1614790855804	mozrunner::runner	INFO	Running command: "C:\\Program Files\\Mozilla Firefox\\firefox.exe" "-marionette" "-foreground" "-no-remote" "-profile" "C:\\Users\\Dell\\AppData\\Local\\Temp\\rust_mozprofileDZu88a"
JavaScript error: resource://gre/modules/XULStore.jsm, line 66: Error: Can't find profile directory.
console.warn: SearchSettings: "get: No settings file exists, new profile?" (new Error("", "(unknown module)"))
console.error: Region.jsm: "Error fetching region" (new TypeError("NetworkError when attempting to fetch resource.", ""))
console.error: Region.jsm: "Failed to fetch region" (new Error("NO_RESULT", "resource://gre/modules/Region.jsm", 422))
1614790860178	Marionette	INFO	Listening on port 64050
1614790860618	Marionette	WARN	TLS certificate errors will be ignored for this session
JavaScript error: file:///F:/360MoveData/Users/Dell/Desktop/selenium2html/alert.html, line 7: ReferenceError: $ is not defined
1614790864056	Marionette	INFO	Stopped listening on port 64050

###!!! [Child][RunMessage] Error: Channel closing: too late to send/recv, messages will be lost

1614790873083	mozrunner::runner	INFO	Running command: "C:\\Program Files\\Mozilla Firefox\\firefox.exe" "-marionette" "-foreground" "-no-remote" "-profile" "C:\\Users\\Dell\\AppData\\Local\\Temp\\rust_mozprofilew1LrAD"
JavaScript error: resource://gre/modules/XULStore.jsm, line 66: Error: Can't find profile directory.
console.warn: SearchSettings: "get: No settings file exists, new profile?" (new Error("", "(unknown module)"))
console.error: Region.jsm: "Error fetching region" (new TypeError("NetworkError when attempting to fetch resource.", ""))
console.error: Region.jsm: "Failed to fetch region" (new Error("NO_RESULT", "resource://gre/modules/Region.jsm", 422))
1614790877475	Marionette	INFO	Listening on port 64083
1614790877893	Marionette	WARN	TLS certificate errors will be ignored for this session
JavaScript error: file:///F:/360MoveData/Users/Dell/Desktop/selenium2html/alert.html, line 7: ReferenceError: $ is not defined
1614790990652	mozrunner::runner	INFO	Running command: "C:\\Program Files\\Mozilla Firefox\\firefox.exe" "-marionette" "-foreground" "-no-remote" "-profile" "C:\\Users\\Dell\\AppData\\Local\\Temp\\rust_mozprofilefhL9fT"
JavaScript error: resource://gre/modules/XULStore.jsm, line 66: Error: Can't find profile directory.
console.warn: SearchSettings: "get: No settings file exists, new profile?" (new Error("", "(unknown module)"))
console.error: Region.jsm: "Error fetching region" (new TypeError("NetworkError when attempting to fetch resource.", ""))
console.error: Region.jsm: "Failed to fetch region" (new Error("NO_RESULT", "resource://gre/modules/Region.jsm", 422))
1614790996333	Marionette	INFO	Listening on port 64163
1614790996429	Marionette	WARN	TLS certificate errors will be ignored for this session
JavaScript error: file:///F:/360MoveData/Users/Dell/Desktop/selenium2html/alert.html, line 7: ReferenceError: $ is not defined
Exiting due to channel error.
Exiting due to channel error.
gram Files\\Mozilla Firefox\\firefox.exe" "-marionette" "-foreground" "-no-remote" "-profile" "C:\\Users\\Dell\\AppData\\Local\\Temp\\rust_mozprofilecHyU6e"
JavaScript error: resource://gre/modules/XULStore.jsm, line 66: Error: Can't find profile directory.
console.warn: SearchSettings: "get: No settings file exists, new profile?" (new Error("", "(unknown module)"))
console.error: Region.jsm: "Error fetching region" (new TypeError("NetworkError when attempting to fetch resource.", ""))
console.error: Region.jsm: "Failed to fetch region" (new Error("NO_RESULT", "resource://gre/modules/Region.jsm", 422))
1614791045682	Marionette	INFO	Listening on port 64211
1614791045977	Marionette	WARN	TLS certificate errors will be ignored for this session
JavaScript error: file:///F:/360MoveData/Users/Dell/Desktop/selenium2html/alert.html, line 7: ReferenceError: $ is not defined

###!!! [Child][MessageChannel] Error: (msgtype=0x3A015A,name=PContent::Msg_InsertNewFocusActionId) Closed channel: cannot send/recv


###!!! [Child][MessageChannel] Error: (msgtype=0x540027,name=PGPU::Msg_AccumulateChildHistograms) Channel error: cannot send/recv


###!!! [Child][MessageChannel] Error: (msgtype=0x54002C,name=PGPU::Msg_RecordDiscardedData) Channel error: cannot send/recv

Error("", "(unknown module)"))
console.error: Region.jsm: "Error fetching region" (new TypeError("NetworkError when attempting to fetch resource.", ""))
console.error: Region.jsm: "Failed to fetch region" (new Error("NO_RESULT", "resource://gre/modules/Region.jsm", 422))
1614791066764	Marionette	INFO	Listening on port 64247
1614791066900	Marionette	WARN	TLS certificate errors will be ignored for this session
[Parent 6004, IPC I/O Parent] WARNING: file /builds/worker/checkouts/gecko/ipc/chromium/src/base/process_util_win.cc:167
JavaScript error: file:///F:/360MoveData/Users/Dell/Desktop/selenium2html/alert.html, line 7: ReferenceError: $ is not defined
Exiting due to channel error.
Exiting due to channel error.
Exiting due to channel error.
