1616564186829	mozrunner::runner	INFO	Running command: "C:\\Program Files\\Mozilla Firefox\\firefox.exe" "-marionette" "-foreground" "-no-remote" "-profile" "C:\\Users\\Dell\\AppData\\Local\\Temp\\rust_mozprofilec141xl"
JavaScript error: resource://gre/modules/XULStore.jsm, line 66: Error: Can't find profile directory.
console.warn: SearchSettings: "get: No settings file exists, new profile?" (new Error("", "(unknown module)"))
JavaScript error: resource://gre/modules/XULStore.jsm, line 66: Error: Can't find profile directory.
JavaScript error: resource://gre/modules/XULStore.jsm, line 66: Error: Can't find profile directory.
JavaScript error: resource://gre/modules/XULStore.jsm, line 66: Error: Can't find profile directory.
JavaScript error: resource://gre/modules/XULStore.jsm, line 66: Error: Can't find profile directory.
1616564198950	Marionette	INFO	Listening on port 60555
console.error: Region.jsm: "Error fetching region" (new Error("TIMEOUT", "resource://gre/modules/Region.jsm", 775))
console.error: Region.jsm: "Failed to fetch region" (new Error("TIMEOUT", "resource://gre/modules/Region.jsm", 422))
1616564199634	Marionette	WARN	TLS certificate errors will be ignored for this session
1616564237582	Marionette	INFO	Stopped listening on port 60555

###!!! [Child][RunMessage] Error: Channel closing: too late to send/recv, messages will be lost

1616564390158	mozrunner::runner	INFO	Running command: "C:\\Program Files\\Mozilla Firefox\\firefox.exe" "-marionette" "-foreground" "-no-remote" "-profile" "C:\\Users\\Dell\\AppData\\Local\\Temp\\rust_mozprofilec7OXxu"
JavaScript error: resource://gre/modules/XULStore.jsm, line 66: Error: Can't find profile directory.
console.warn: SearchSettings: "get: No settings file exists, new profile?" (new Error("", "(unknown module)"))
1616564399197	Marionette	INFO	Listening on port 60911
1616564399627	Marionette	WARN	TLS certificate errors will be ignored for this session
1616564411671	Marionette	INFO	Stopped listening on port 60911
JavaScript error: resource://gre/modules/PageThumbUtils.jsm, line 38: TypeError: aWindow is null

###!!! [Child][RunMessage] Error: Channel closing: too late to send/recv, messages will be lost

1616564472966	mozrunner::runner	INFO	Running command: "C:\\Program Files\\Mozilla Firefox\\firefox.exe" "-marionette" "-foreground" "-no-remote" "-profile" "C:\\Users\\Dell\\AppData\\Local\\Temp\\rust_mozprofileq5N0Hj"
JavaScript error: resource://gre/modules/XULStore.jsm, line 66: Error: Can't find profile directory.
console.warn: SearchSettings: "get: No settings file exists, new profile?" (new Error("", "(unknown module)"))
1616564476917	Marionette	INFO	Listening on port 61045
1616564477165	Marionette	WARN	TLS certificate errors will be ignored for this session
1616564488259	Marionette	INFO	Stopped listening on port 61045

###!!! [Child][RunMessage] Error: Channel closing: too late to send/recv, messages will be lost

1616564500209	mozrunner::runner	INFO	Running command: "C:\\Program Files\\Mozilla Firefox\\firefox.exe" "-marionette" "-foreground" "-no-remote" "-profile" "C:\\Users\\Dell\\AppData\\Local\\Temp\\rust_mozprofileYyqIf2"
JavaScript error: resource://gre/modules/XULStore.jsm, line 66: Error: Can't find profile directory.
console.warn: SearchSettings: "get: No settings file exists, new profile?" (new Error("", "(unknown module)"))
1616564503674	Marionette	INFO	Listening on port 61121
1616564503856	Marionette	WARN	TLS certificate errors will be ignored for this session
1616564514568	Marionette	INFO	Stopped listening on port 61121

###!!! [Child][RunMessage] Error: Channel closing: too late to send/recv, messages will be lost

1616564653987	mozrunner::runner	INFO	Running command: "C:\\Program Files\\Mozilla Firefox\\firefox.exe" "-marionette" "-foreground" "-no-remote" "-profile" "C:\\Users\\Dell\\AppData\\Local\\Temp\\rust_mozprofiletNmGkk"
JavaScript error: resource://gre/modules/XULStore.jsm, line 66: Error: Can't find profile directory.
console.warn: SearchSettings: "get: No settings file exists, new profile?" (new Error("", "(unknown module)"))
1616564657365	Marionette	INFO	Listening on port 61288
1616564657634	Marionette	WARN	TLS certificate errors will be ignored for this session
JavaScript error: resource://activity-stream/lib/ASRouter.jsm, line 988: NS_ERROR_ILLEGAL_VALUE: Component returned failure code: 0x80070057 (NS_ERROR_ILLEGAL_VALUE) [nsIObserverService.removeObserver]
console.error: services.settings: 
  main/partitioning-exempt-urls Signature failed  TypeError: NetworkError when attempting to fetch resource.
console.error: services.settings: 
  main/cfr-fxa Signature failed  TypeError: NetworkError when attempting to fetch resource.
1616564661737	Marionette	INFO	Stopped listening on port 61288

###!!! [Child][RunMessage] Error: Channel closing: too late to send/recv, messages will be lost

JavaScript error: resource://gre/modules/PageThumbUtils.jsm, line 38: TypeError: aWindow is null
1616564759865	mozrunner::runner	INFO	Running command: "C:\\Program Files\\Mozilla Firefox\\firefox.exe" "-marionette" "-foreground" "-no-remote" "-profile" "C:\\Users\\Dell\\AppData\\Local\\Temp\\rust_mozprofile3yMOxE"
JavaScript error: resource://gre/modules/XULStore.jsm, line 66: Error: Can't find profile directory.
console.warn: SearchSettings: "get: No settings file exists, new profile?" (new Error("", "(unknown module)"))
1616564763562	Marionette	INFO	Listening on port 61435
1616564764023	Marionette	WARN	TLS certificate errors will be ignored for this session
1616565776386	Marionette	INFO	Stopped listening on port 61435
ram Files\\Mozilla Firefox\\firefox.exe" "-marionette" "-foreground" "-no-remote" "-profile" "C:\\Users\\Dell\\AppData\\Local\\Temp\\rust_mozprofileyixny9"
JavaScript error: resource://gre/modules/XULStore.jsm, line 66: Error: Can't find profile directory.
console.warn: SearchSettings: "get: No settings file exists, new profile?" (new Error("", "(unknown module)"))
1616564875811	Marionette	INFO	Listening on port 61592
1616564876225	Marionette	WARN	TLS certificate errors will be ignored for this session
[Parent 20472, IPC I/O Parent] WARNING: file /builds/worker/checkouts/gecko/ipc/chromium/src/base/process_util_win.cc:167
JavaScript error: resource://gre/modules/Sqlite.jsm, line 927: Error: Connection is not open.
1616565415475	Marionette	INFO	Stopped listening on port 61592
: Error: Can't find profile directory.
[GFX1-]: Killing GPU process due to IPC reply timeout
[GFX1-]: Failed as lost WebRenderBridgeChild.
[GFX1-]: Failed to create remote compositor
[Parent 25016, Main Thread] WARNING: base::KillProcess refusing to terminate process handle 0: file /builds/worker/checkouts/gecko/ipc/chromium/src/base/process_util_win.cc:402
[GFX1-]: Compositors might be mixed (5,1)

###!!! [Child][MessageChannel::SendAndWait] Error: Channel error: cannot send/recv


###!!! [Child][MessageChannel::SendAndWait] Error: Channel error: cannot send/recv


###!!! [Child][MessageChannel] Error: (msgtype=0x620020,name=PLayerTransaction::Msg_Shutdown) Channel error: cannot send/recv

[GFX1-]: Failed as lost WebRenderBridgeChild.
[GFX1-]: Receive IPC close with reason=AbnormalShutdown

###!!! [Child][MessageChannel] Error: (msgtype=0x370033,name=PCompositorBridge::Msg_PLayerTransactionConstructor) Channel error: cannot send/recv


###!!! [Child][MessageChannel::SendAndWait] Error: (msgtype=0x62001D,name=PLayerTransaction::Msg_GetTextureFactoryIdentifier) Channel error: cannot send/recv


###!!! [Child][MessageChannel] Error: (msgtype=0x620020,name=PLayerTransaction::Msg_Shutdown) Channel error: cannot send/recv


###!!! [Child][MessageChannel] Error: (msgtype=0x370033,name=PCompositorBridge::Msg_PLayerTransactionConstructor) Channel error: cannot send/recv


###!!! [Child][MessageChannel::SendAndWait] Error: (msgtype=0x62001D,name=PLayerTransaction::Msg_GetTextureFactoryIdentifier) Channel error: cannot send/recv


###!!! [Child][MessageChannel] Error: (msgtype=0x620020,name=PLayerTransaction::Msg_Shutdown) Channel error: cannot send/recv


###!!! [Child][MessageChannel] Error: (msgtype=0x370033,name=PCompositorBridge::Msg_PLayerTransactionConstructor) Channel error: cannot send/recv


###!!! [Child][MessageChannel::SendAndWait] Error: (msgtype=0x370019,name=PCompositorBridge::Msg_WillClose) Channel error: cannot send/recv


###!!! [Child][MessageChannel::SendAndWait] Error: (msgtype=0x62001D,name=PLayerTransaction::Msg_GetTextureFactoryIdentifier) Channel error: cannot send/recv


###!!! [Child][MessageChannel] Error: (msgtype=0x620020,name=PLayerTransaction::Msg_Shutdown) Channel error: cannot send/recv


###!!! [Child][MessageChannel] Error: (msgtype=0xB50025,name=PWebRenderBridge::Msg_Shutdown) Channel error: cannot send/recv


###!!! [Child][MessageChannel::SendAndWait] Error: (msgtype=0x370019,name=PCompositorBridge::Msg_WillClose) Channel error: cannot send/recv

IPDL protocol error: Handler returned error code!

###!!! [Parent][DispatchSyncMessage] Error: PCompositorBridge::Msg_NotifyChildRecreated Processing error: message was deserialized, but the handler returned false (indicating failure)

[GFX1-]: Receive IPC close with reason=AbnormalShutdown
[GFX1-]: Receive IPC close with reason=AbnormalShutdown
console.warn: SearchSettings: "get: No settings file exists, new profile?" (new Error("", "(unknown module)"))

###!!! [Child][MessageChannel] Error: (msgtype=0xB50006,name=PWebRenderBridge::Msg_SetDisplayList) Channel error: cannot send/recv


###!!! [Child][MessageChannel] Error: (msgtype=0xB50008,name=PWebRenderBridge::Msg_SetFocusTarget) Channel error: cannot send/recv


###!!! [Child][MessageChannel::SendAndWait] Error: (msgtype=0xB50026,name=PWebRenderBridge::Msg_ShutdownSync) Channel error: cannot send/recv


###!!! [Child][MessageChannel] Error: (msgtype=0x370033,name=PCompositorBridge::Msg_PLayerTransactionConstructor) Channel error: cannot send/recv


###!!! [Child][MessageChannel::SendAndWait] Error: (msgtype=0x62001D,name=PLayerTransaction::Msg_GetTextureFactoryIdentifier) Channel error: cannot send/recv


###!!! [Child][MessageChannel] Error: (msgtype=0x620020,name=PLayerTransaction::Msg_Shutdown) Channel error: cannot send/recv


###!!! [Child][MessageChannel] Error: (msgtype=0xD,name=PAPZ::Msg_Destroy) Channel error: cannot send/recv


###!!! [Child][MessageChannel::SendAndWait] Error: (msgtype=0x370019,name=PCompositorBridge::Msg_WillClose) Channel error: cannot send/recv

IPDL protocol error: Handler returned error code!

###!!! [Parent][DispatchSyncMessage] Error: PCompositorBridge::Msg_NotifyChildRecreated Processing error: message was deserialized, but the handler returned false (indicating failure)

[GFX1-]: Receive IPC close with reason=AbnormalShutdown
1616565082247	Marionette	INFO	Listening on port 61800
JavaScript error: resource://gre/modules/XULStore.jsm, line 66: Error: Can't find profile directory.
JavaScript error: resource://gre/modules/XULStore.jsm, line 66: Error: Can't find profile directory.
JavaScript error: resource://gre/modules/XULStore.jsm, line 66: Error: Can't find profile directory.
JavaScript error: resource://gre/modules/XULStore.jsm, line 66: Error: Can't find profile directory.
1616565082547	Marionette	WARN	TLS certificate errors will be ignored for this session
console.error: Region.jsm: "Error fetching region" (new Error("TIMEOUT", "resource://gre/modules/Region.jsm", 775))
console.error: Region.jsm: "Failed to fetch region" (new Error("TIMEOUT", "resource://gre/modules/Region.jsm", 422))
1616565417410	Marionette	INFO	Stopped listening on port 61800
ram Files\\Mozilla Firefox\\firefox.exe" "-marionette" "-foreground" "-no-remote" "-profile" "C:\\Users\\Dell\\AppData\\Local\\Temp\\rust_mozprofileFOez57"
JavaScript error: resource://gre/modules/XULStore.jsm, line 66: Error: Can't find profile directory.
console.warn: SearchSettings: "get: No settings file exists, new profile?" (new Error("", "(unknown module)"))
1616565380968	Marionette	INFO	Listening on port 62136
1616565381287	Marionette	WARN	TLS certificate errors will be ignored for this session
console.error: Region.jsm: "Error fetching region" (new Error("TIMEOUT", "resource://gre/modules/Region.jsm", 775))
console.error: Region.jsm: "Failed to fetch region" (new Error("TIMEOUT", "resource://gre/modules/Region.jsm", 422))
console.warn: services.settings: main/fxmonitor-breaches sync interrupted by shutdown
console.warn: services.settings: main/cfr sync interrupted by shutdown
console.warn: services.settings: main/whats-new-panel sync interrupted by shutdown
console.warn: services.settings: main/cfr-fxa sync interrupted by shutdown
console.warn: services.settings: main/search-config sync interrupted by shutdown
console.warn: services.settings: main/search-telemetry sync interrupted by shutdown
1616565774659	Marionette	INFO	Stopped listening on port 62136
ignored for this session
1616565775238	Marionette	INFO	Stopped listening on port 62289

###!!! [Child][RunMessage] Error: Channel closing: too late to send/recv, messages will be lost

rs\\Dell\\AppData\\Local\\Temp\\rust_mozprofilefRBxxv"
JavaScript error: resource://gre/modules/XULStore.jsm, line 66: Error: Can't find profile directory.
console.warn: SearchSettings: "get: No settings file exists, new profile?" (new Error("", "(unknown module)"))
1616565751966	Marionette	INFO	Listening on port 62409
1616565752055	Marionette	WARN	TLS certificate errors will be ignored for this session
console.error: Region.jsm: "Error fetching region" (new Error("TIMEOUT", "resource://gre/modules/Region.jsm", 775))
console.error: Region.jsm: "Failed to fetch region" (new Error("TIMEOUT", "resource://gre/modules/Region.jsm", 422))
1616565971495	mozrunner::runner	INFO	Running command: "C:\\Program Files\\Mozilla Firefox\\firefox.exe" "-marionette" "-foreground" "-no-remote" "-profile" "C:\\Users\\Dell\\AppData\\Local\\Temp\\rust_mozprofileddzn7R"
JavaScript error: resource://gre/modules/XULStore.jsm, line 66: Error: Can't find profile directory.
console.warn: SearchSettings: "get: No settings file exists, new profile?" (new Error("", "(unknown module)"))
1616565975125	Marionette	INFO	Listening on port 62652
1616565975633	Marionette	WARN	TLS certificate errors will be ignored for this session
1616566069148	mozrunner::runner	INFO	Running command: "C:\\Program Files\\Mozilla Firefox\\firefox.exe" "-marionette" "-foreground" "-no-remote" "-profile" "C:\\Users\\Dell\\AppData\\Local\\Temp\\rust_mozprofileRTFc9c"
JavaScript error: resource://gre/modules/XULStore.jsm, line 66: Error: Can't find profile directory.
console.warn: SearchSettings: "get: No settings file exists, new profile?" (new Error("", "(unknown module)"))
1616566077163	Marionette	INFO	Listening on port 62815
1616566077686	Marionette	WARN	TLS certificate errors will be ignored for this session
console.error: Region.jsm: "Error fetching region" (new Error("TIMEOUT", "resource://gre/modules/Region.jsm", 775))
console.error: Region.jsm: "Failed to fetch region" (new Error("TIMEOUT", "resource://gre/modules/Region.jsm", 422))
1616585396270	mozrunner::runner	INFO	Running command: "C:\\Program Files\\Mozilla Firefox\\firefox.exe" "-marionette" "-foreground" "-no-remote" "-profile" "C:\\Users\\Dell\\AppData\\Local\\Temp\\rust_mozprofileIITAdq"
JavaScript error: resource://gre/modules/XULStore.jsm, line 66: Error: Can't find profile directory.
console.warn: SearchSettings: "get: No settings file exists, new profile?" (new Error("", "(unknown module)"))
1616585400449	Marionette	INFO	Listening on port 54700
1616585400549	Marionette	WARN	TLS certificate errors will be ignored for this session
JavaScript warning: https://home.firefoxchina.cn/2019/js/mozMainScript-min.js?v=20201126, line 1: unreachable code after return statement
JavaScript warning: https://home.firefoxchina.cn/2019/js/mozMainScript-min.js?v=20201126, line 1: unreachable code after return statement
1616585410784	Marionette	INFO	Stopped listening on port 54700

###!!! [Child][RunMessage] Error: Channel closing: too late to send/recv, messages will be lost

1616585430777	mozrunner::runner	INFO	Running command: "C:\\Program Files\\Mozilla Firefox\\firefox.exe" "-marionette" "-foreground" "-no-remote" "-profile" "C:\\Users\\Dell\\AppData\\Local\\Temp\\rust_mozprofilehkwM2N"
JavaScript error: resource://gre/modules/XULStore.jsm, line 66: Error: Can't find profile directory.
console.warn: SearchSettings: "get: No settings file exists, new profile?" (new Error("", "(unknown module)"))
1616585434060	Marionette	INFO	Listening on port 54833
1616585434408	Marionette	WARN	TLS certificate errors will be ignored for this session
JavaScript warning: https://home.firefoxchina.cn/2019/js/mozMainScript-min.js?v=20201126, line 1: unreachable code after return statement
JavaScript warning: https://home.firefoxchina.cn/2019/js/mozMainScript-min.js?v=20201126, line 1: unreachable code after return statement
1616585448089	Marionette	INFO	Stopped listening on port 54833

###!!! [Child][RunMessage] Error: Channel closing: too late to send/recv, messages will be lost

1616585529133	mozrunner::runner	INFO	Running command: "C:\\Program Files\\Mozilla Firefox\\firefox.exe" "-marionette" "-foreground" "-no-remote" "-profile" "C:\\Users\\Dell\\AppData\\Local\\Temp\\rust_mozprofileSouSMx"
JavaScript error: resource://gre/modules/XULStore.jsm, line 66: Error: Can't find profile directory.
console.warn: SearchSettings: "get: No settings file exists, new profile?" (new Error("", "(unknown module)"))
1616585532356	Marionette	INFO	Listening on port 55028
1616585532759	Marionette	WARN	TLS certificate errors will be ignored for this session
JavaScript warning: https://home.firefoxchina.cn/2019/js/mozMainScript-min.js?v=20201126, line 1: unreachable code after return statement
JavaScript warning: https://home.firefoxchina.cn/2019/js/mozMainScript-min.js?v=20201126, line 1: unreachable code after return statement
1616585538953	Marionette	INFO	Stopped listening on port 55028
JavaScript error: resource://activity-stream/lib/ASRouter.jsm, line 988: NS_ERROR_ILLEGAL_VALUE: Component returned failure code: 0x80070057 (NS_ERROR_ILLEGAL_VALUE) [nsIObserverService.removeObserver]
1616585786816	mozrunner::runner	INFO	Running command: "C:\\Program Files\\Mozilla Firefox\\firefox.exe" "-marionette" "-foreground" "-no-remote" "-profile" "C:\\Users\\Dell\\AppData\\Local\\Temp\\rust_mozprofileKRuDMD"
JavaScript error: resource://gre/modules/XULStore.jsm, line 66: Error: Can't find profile directory.
console.warn: SearchSettings: "get: No settings file exists, new profile?" (new Error("", "(unknown module)"))
1616585789310	Marionette	INFO	Listening on port 55179
1616585789443	Marionette	WARN	TLS certificate errors will be ignored for this session
JavaScript warning: https://home.firefoxchina.cn/2019/js/mozMainScript-min.js?v=20201126, line 1: unreachable code after return statement
JavaScript warning: https://home.firefoxchina.cn/2019/js/mozMainScript-min.js?v=20201126, line 1: unreachable code after return statement
console.error: Region.jsm: "Error fetching region" (new Error("TIMEOUT", "resource://gre/modules/Region.jsm", 775))
console.error: Region.jsm: "Failed to fetch region" (new Error("TIMEOUT", "resource://gre/modules/Region.jsm", 422))
1616585798308	Marionette	INFO	Stopped listening on port 55179
1616585938397	mozrunner::runner	INFO	Running command: "C:\\Program Files\\Mozilla Firefox\\firefox.exe" "-marionette" "-foreground" "-no-remote" "-profile" "C:\\Users\\Dell\\AppData\\Local\\Temp\\rust_mozprofilezHQ3Uy"
JavaScript error: resource://gre/modules/XULStore.jsm, line 66: Error: Can't find profile directory.
console.warn: SearchSettings: "get: No settings file exists, new profile?" (new Error("", "(unknown module)"))
1616585941236	Marionette	INFO	Listening on port 55351
1616585941528	Marionette	WARN	TLS certificate errors will be ignored for this session
JavaScript warning: https://home.firefoxchina.cn/2019/js/mozMainScript-min.js?v=20201126, line 1: unreachable code after return statement
JavaScript warning: https://home.firefoxchina.cn/2019/js/mozMainScript-min.js?v=20201126, line 1: unreachable code after return statement
1616585958466	Marionette	INFO	Stopped listening on port 55351
JavaScript error: resource://activity-stream/lib/ASRouter.jsm, line 988: NS_ERROR_ILLEGAL_VALUE: Component returned failure code: 0x80070057 (NS_ERROR_ILLEGAL_VALUE) [nsIObserverService.removeObserver]
JavaScript error: resource://gre/modules/PageThumbUtils.jsm, line 38: TypeError: aWindow is null

###!!! [Child][RunMessage] Error: Channel closing: too late to send/recv, messages will be lost

1616585962012	mozrunner::runner	INFO	Running command: "C:\\Program Files\\Mozilla Firefox\\firefox.exe" "-marionette" "-foreground" "-no-remote" "-profile" "C:\\Users\\Dell\\AppData\\Local\\Temp\\rust_mozprofileoJosyf"
JavaScript error: resource://gre/modules/XULStore.jsm, line 66: Error: Can't find profile directory.
console.warn: SearchSettings: "get: No settings file exists, new profile?" (new Error("", "(unknown module)"))
1616585965187	Marionette	INFO	Listening on port 55496
1616585965646	Marionette	WARN	TLS certificate errors will be ignored for this session
JavaScript warning: https://home.firefoxchina.cn/2019/js/mozMainScript-min.js?v=20201126, line 1: unreachable code after return statement
JavaScript warning: https://home.firefoxchina.cn/2019/js/mozMainScript-min.js?v=20201126, line 1: unreachable code after return statement
1616585972655	Marionette	INFO	Stopped listening on port 55496
JavaScript error: resource://activity-stream/lib/ASRouter.jsm, line 988: NS_ERROR_ILLEGAL_VALUE: Component returned failure code: 0x80070057 (NS_ERROR_ILLEGAL_VALUE) [nsIObserverService.removeObserver]
JavaScript error: resource://gre/modules/BackgroundPageThumbs.jsm, line 718: TypeError: captureCallback is not a function

###!!! [Child][RunMessage] Error: Channel closing: too late to send/recv, messages will be lost

1616585988283	mozrunner::runner	INFO	Running command: "C:\\Program Files\\Mozilla Firefox\\firefox.exe" "-marionette" "-foreground" "-no-remote" "-profile" "C:\\Users\\Dell\\AppData\\Local\\Temp\\rust_mozprofilePJRZWD"
JavaScript error: resource://gre/modules/XULStore.jsm, line 66: Error: Can't find profile directory.
console.warn: SearchSettings: "get: No settings file exists, new profile?" (new Error("", "(unknown module)"))
1616585991139	Marionette	INFO	Listening on port 55588
1616585991415	Marionette	WARN	TLS certificate errors will be ignored for this session
JavaScript warning: https://home.firefoxchina.cn/2019/js/mozMainScript-min.js?v=20201126, line 1: unreachable code after return statement
JavaScript warning: https://home.firefoxchina.cn/2019/js/mozMainScript-min.js?v=20201126, line 1: unreachable code after return statement
console.error: Region.jsm: "Error fetching region" (new Error("TIMEOUT", "resource://gre/modules/Region.jsm", 775))
console.error: Region.jsm: "Failed to fetch region" (new Error("TIMEOUT", "resource://gre/modules/Region.jsm", 422))
1616585997869	Marionette	INFO	Stopped listening on port 55588
JavaScript error: resource://activity-stream/lib/ASRouter.jsm, line 988: NS_ERROR_ILLEGAL_VALUE: Component returned failure code: 0x80070057 (NS_ERROR_ILLEGAL_VALUE) [nsIObserverService.removeObserver]
[Parent 20200, IPC I/O Parent] WARNING: file /builds/worker/checkouts/gecko/ipc/chromium/src/base/process_util_win.cc:167
JavaScript error: resource://gre/modules/PageThumbUtils.jsm, line 38: TypeError: aWindow is null

###!!! [Child][RunMessage] Error: Channel closing: too late to send/recv, messages will be lost

1616586022195	mozrunner::runner	INFO	Running command: "C:\\Program Files\\Mozilla Firefox\\firefox.exe" "-marionette" "-foreground" "-no-remote" "-profile" "C:\\Users\\Dell\\AppData\\Local\\Temp\\rust_mozprofilePW1Ivt"
JavaScript error: resource://gre/modules/XULStore.jsm, line 66: Error: Can't find profile directory.
console.warn: SearchSettings: "get: No settings file exists, new profile?" (new Error("", "(unknown module)"))
1616586025380	Marionette	INFO	Listening on port 55681
1616586025837	Marionette	WARN	TLS certificate errors will be ignored for this session
JavaScript warning: https://home.firefoxchina.cn/2019/js/mozMainScript-min.js?v=20201126, line 1: unreachable code after return statement
JavaScript warning: https://home.firefoxchina.cn/2019/js/mozMainScript-min.js?v=20201126, line 1: unreachable code after return statement
1616586032650	Marionette	INFO	Stopped listening on port 55681
JavaScript error: resource://activity-stream/lib/ASRouter.jsm, line 988: NS_ERROR_ILLEGAL_VALUE: Component returned failure code: 0x80070057 (NS_ERROR_ILLEGAL_VALUE) [nsIObserverService.removeObserver]
console.warn: services.settings: main/cfr-fxa sync interrupted by shutdown

###!!! [Child][RunMessage] Error: Channel closing: too late to send/recv, messages will be lost

1616586113748	mozrunner::runner	INFO	Running command: "C:\\Program Files\\Mozilla Firefox\\firefox.exe" "-marionette" "-foreground" "-no-remote" "-profile" "C:\\Users\\Dell\\AppData\\Local\\Temp\\rust_mozprofile3K7z9h"
JavaScript error: resource://gre/modules/XULStore.jsm, line 66: Error: Can't find profile directory.
console.warn: SearchSettings: "get: No settings file exists, new profile?" (new Error("", "(unknown module)"))
1616586117394	Marionette	INFO	Listening on port 55851
1616586117881	Marionette	WARN	TLS certificate errors will be ignored for this session
JavaScript warning: https://home.firefoxchina.cn/2019/js/mozMainScript-min.js?v=20201126, line 1: unreachable code after return statement
JavaScript warning: https://home.firefoxchina.cn/2019/js/mozMainScript-min.js?v=20201126, line 1: unreachable code after return statement
1616586125376	Marionette	INFO	Stopped listening on port 55851
JavaScript error: resource://activity-stream/lib/ASRouter.jsm, line 988: NS_ERROR_ILLEGAL_VALUE: Component returned failure code: 0x80070057 (NS_ERROR_ILLEGAL_VALUE) [nsIObserverService.removeObserver]
[Parent 20152, IPC I/O Parent] WARNING: file /builds/worker/checkouts/gecko/ipc/chromium/src/base/process_util_win.cc:167

###!!! [Child][RunMessage] Error: Channel closing: too late to send/recv, messages will be lost

1616586449158	mozrunner::runner	INFO	Running command: "C:\\Program Files\\Mozilla Firefox\\firefox.exe" "-marionette" "-foreground" "-no-remote" "-profile" "C:\\Users\\Dell\\AppData\\Local\\Temp\\rust_mozprofileyYNa34"
JavaScript error: resource://gre/modules/XULStore.jsm, line 66: Error: Can't find profile directory.
console.warn: SearchSettings: "get: No settings file exists, new profile?" (new Error("", "(unknown module)"))
1616586452326	Marionette	INFO	Listening on port 56126
1616586481710	mozrunner::runner	INFO	Running command: "C:\\Program Files\\Mozilla Firefox\\firefox.exe" "-marionette" "-foreground" "-no-remote" "-profile" "C:\\Users\\Dell\\AppData\\Local\\Temp\\rust_mozprofileCAGs49"
JavaScript error: resource://gre/modules/XULStore.jsm, line 66: Error: Can't find profile directory.
console.warn: SearchSettings: "get: No settings file exists, new profile?" (new Error("", "(unknown module)"))
1616586484416	Marionette	INFO	Listening on port 56169
1616586484842	Marionette	WARN	TLS certificate errors will be ignored for this session
JavaScript warning: https://home.firefoxchina.cn/2019/js/mozMainScript-min.js?v=20201126, line 1: unreachable code after return statement
JavaScript warning: https://home.firefoxchina.cn/2019/js/mozMainScript-min.js?v=20201126, line 1: unreachable code after return statement
1616586494097	Marionette	INFO	Stopped listening on port 56169
JavaScript error: resource://activity-stream/lib/ASRouter.jsm, line 988: NS_ERROR_ILLEGAL_VALUE: Component returned failure code: 0x80070057 (NS_ERROR_ILLEGAL_VALUE) [nsIObserverService.removeObserver]
JavaScript error: resource://gre/modules/PageThumbUtils.jsm, line 38: TypeError: aWindow is null

###!!! [Child][RunMessage] Error: Channel closing: too late to send/recv, messages will be lost

1616586705302	mozrunner::runner	INFO	Running command: "C:\\Program Files\\Mozilla Firefox\\firefox.exe" "-marionette" "-foreground" "-no-remote" "-profile" "C:\\Users\\Dell\\AppData\\Local\\Temp\\rust_mozprofileJvjmcr"
JavaScript error: resource://gre/modules/XULStore.jsm, line 66: Error: Can't find profile directory.
console.warn: SearchSettings: "get: No settings file exists, new profile?" (new Error("", "(unknown module)"))
1616586708826	Marionette	INFO	Listening on port 56521
1616586708948	Marionette	WARN	TLS certificate errors will be ignored for this session
JavaScript warning: https://home.firefoxchina.cn/2019/js/mozMainScript-min.js?v=20201126, line 1: unreachable code after return statement
JavaScript warning: https://home.firefoxchina.cn/2019/js/mozMainScript-min.js?v=20201126, line 1: unreachable code after return statement
1616586718515	Marionette	INFO	Stopped listening on port 56521

###!!! [Child][RunMessage] Error: Channel closing: too late to send/recv, messages will be lost

1616586793893	mozrunner::runner	INFO	Running command: "C:\\Program Files\\Mozilla Firefox\\firefox.exe" "-marionette" "-foreground" "-no-remote" "-profile" "C:\\Users\\Dell\\AppData\\Local\\Temp\\rust_mozprofileTd3xA0"
JavaScript error: resource://gre/modules/XULStore.jsm, line 66: Error: Can't find profile directory.
console.warn: SearchSettings: "get: No settings file exists, new profile?" (new Error("", "(unknown module)"))
1616586796951	Marionette	INFO	Listening on port 56681
1616586797033	Marionette	WARN	TLS certificate errors will be ignored for this session
JavaScript warning: https://home.firefoxchina.cn/2019/js/mozMainScript-min.js?v=20201126, line 1: unreachable code after return statement
JavaScript warning: https://home.firefoxchina.cn/2019/js/mozMainScript-min.js?v=20201126, line 1: unreachable code after return statement
1616586813290	Marionette	INFO	Stopped listening on port 56681
[Parent 8432, IPC I/O Parent] WARNING: pipe error: 232: file /builds/worker/checkouts/gecko/ipc/chromium/src/chrome/common/ipc_channel_win.cc:545
JavaScript error: resource://gre/modules/BackgroundPageThumbs.jsm, line 309: TypeError: this._captureQueue is undefined
JavaScript error: https://dss1.bdstatic.com/5eN1bjq8AAUYm2zgoY3K/r/www/cache/static/protocol/https/global/js/all_async_search_14d462b.js, line 211: TypeError: top is null
JavaScript error: resource:///modules/FaviconLoader.jsm, line 596: InvalidStateError: JSWindowActorChild.sendAsyncMessage: JSWindowActorChild cannot send at the moment

###!!! [Child][RunMessage] Error: Channel closing: too late to send/recv, messages will be lost

1616586822697	mozrunner::runner	INFO	Running command: "C:\\Program Files\\Mozilla Firefox\\firefox.exe" "-marionette" "-foreground" "-no-remote" "-profile" "C:\\Users\\Dell\\AppData\\Local\\Temp\\rust_mozprofileMzOZWw"
JavaScript error: resource://gre/modules/XULStore.jsm, line 66: Error: Can't find profile directory.
console.warn: SearchSettings: "get: No settings file exists, new profile?" (new Error("", "(unknown module)"))
1616586828279	Marionette	INFO	Listening on port 56810
1616586828448	Marionette	WARN	TLS certificate errors will be ignored for this session
JavaScript warning: https://home.firefoxchina.cn/2019/js/mozMainScript-min.js?v=20201126, line 1: unreachable code after return statement
JavaScript warning: https://home.firefoxchina.cn/2019/js/mozMainScript-min.js?v=20201126, line 1: unreachable code after return statement
1616586845661	Marionette	INFO	Stopped listening on port 56810
[Parent 12904, IPC I/O Parent] WARNING: file /builds/worker/checkouts/gecko/ipc/chromium/src/base/process_util_win.cc:167
JavaScript error: resource://gre/modules/BackgroundPageThumbs.jsm, line 309: TypeError: this._captureQueue is undefined

###!!! [Child][RunMessage] Error: Channel closing: too late to send/recv, messages will be lost


###!!! [Child][RunMessage] Error: Channel closing: too late to send/recv, messages will be lost

1616586970100	mozrunner::runner	INFO	Running command: "C:\\Program Files\\Mozilla Firefox\\firefox.exe" "-marionette" "-foreground" "-no-remote" "-profile" "C:\\Users\\Dell\\AppData\\Local\\Temp\\rust_mozprofilekIBlho"
JavaScript error: resource://gre/modules/XULStore.jsm, line 66: Error: Can't find profile directory.
console.warn: SearchSettings: "get: No settings file exists, new profile?" (new Error("", "(unknown module)"))
1616586973393	Marionette	INFO	Listening on port 56992
1616586973730	Marionette	WARN	TLS certificate errors will be ignored for this session
JavaScript error: resource://gre/modules/BackgroundPageThumbs.jsm, line 309: TypeError: this._captureQueue is undefined
1616586985551	Marionette	INFO	Stopped listening on port 56992

###!!! [Child][RunMessage] Error: Channel closing: too late to send/recv, messages will be lost

1616586996491	mozrunner::runner	INFO	Running command: "C:\\Program Files\\Mozilla Firefox\\firefox.exe" "-marionette" "-foreground" "-no-remote" "-profile" "C:\\Users\\Dell\\AppData\\Local\\Temp\\rust_mozprofiler09goi"
JavaScript error: resource://gre/modules/XULStore.jsm, line 66: Error: Can't find profile directory.
console.warn: SearchSettings: "get: No settings file exists, new profile?" (new Error("", "(unknown module)"))
1616586999644	Marionette	INFO	Listening on port 57063
1616587000125	Marionette	WARN	TLS certificate errors will be ignored for this session
JavaScript error: resource://activity-stream/lib/ASRouter.jsm, line 988: NS_ERROR_ILLEGAL_VALUE: Component returned failure code: 0x80070057 (NS_ERROR_ILLEGAL_VALUE) [nsIObserverService.removeObserver]
console.error: services.settings: 
  main/cfr Signature failed  TypeError: NetworkError when attempting to fetch resource.
JavaScript error: resource://gre/modules/PageThumbUtils.jsm, line 38: TypeError: aWindow is null
1616587009526	Marionette	INFO	Stopped listening on port 57063

###!!! [Child][RunMessage] Error: Channel closing: too late to send/recv, messages will be lost

1616587043821	mozrunner::runner	INFO	Running command: "C:\\Program Files\\Mozilla Firefox\\firefox.exe" "-marionette" "-foreground" "-no-remote" "-profile" "C:\\Users\\Dell\\AppData\\Local\\Temp\\rust_mozprofileoctM8E"
JavaScript error: resource://gre/modules/XULStore.jsm, line 66: Error: Can't find profile directory.
console.warn: SearchSettings: "get: No settings file exists, new profile?" (new Error("", "(unknown module)"))
1616587047522	Marionette	INFO	Listening on port 57162
1616587047953	Marionette	WARN	TLS certificate errors will be ignored for this session
JavaScript warning: https://home.firefoxchina.cn/2019/js/mozMainScript-min.js?v=20201126, line 1: unreachable code after return statement
JavaScript warning: https://home.firefoxchina.cn/2019/js/mozMainScript-min.js?v=20201126, line 1: unreachable code after return statement
1616587554354	addons.xpi	ERROR	System addon update list error Error: Failed downloading XML, status: 0, reason: error
1616587554587	Marionette	INFO	Stopped listening on port 57162
\Local\\Temp\\rust_mozprofileCmGWbj"
JavaScript error: resource://gre/modules/XULStore.jsm, line 66: Error: Can't find profile directory.
console.warn: SearchSettings: "get: No settings file exists, new profile?" (new Error("", "(unknown module)"))
1616587077754	Marionette	INFO	Listening on port 57362
1616587077842	Marionette	WARN	TLS certificate errors will be ignored for this session
JavaScript warning: https://home.firefoxchina.cn/2019/js/mozMainScript-min.js?v=20201126, line 1: unreachable code after return statement
JavaScript warning: https://home.firefoxchina.cn/2019/js/mozMainScript-min.js?v=20201126, line 1: unreachable code after return statement
console.error: Region.jsm: "Error fetching region" (new Error("TIMEOUT", "resource://gre/modules/Region.jsm", 775))
console.error: Region.jsm: "Failed to fetch region" (new Error("TIMEOUT", "resource://gre/modules/Region.jsm", 422))
1616587553683	Marionette	INFO	Stopped listening on port 57362

###!!! [Child][RunMessage] Error: Channel closing: too late to send/recv, messages will be lost

rs\\Dell\\AppData\\Local\\Temp\\rust_mozprofile7D0p4k"
JavaScript error: resource://gre/modules/XULStore.jsm, line 66: Error: Can't find profile directory.
console.warn: SearchSettings: "get: No settings file exists, new profile?" (new Error("", "(unknown module)"))
1616587389861	Marionette	INFO	Listening on port 57897
1616587390264	Marionette	WARN	TLS certificate errors will be ignored for this session
JavaScript warning: https://home.firefoxchina.cn/2019/js/mozMainScript-min.js?v=20201126, line 1: unreachable code after return statement
JavaScript warning: https://home.firefoxchina.cn/2019/js/mozMainScript-min.js?v=20201126, line 1: unreachable code after return statement
console.error: Region.jsm: "Error fetching region" (new Error("TIMEOUT", "resource://gre/modules/Region.jsm", 775))
console.error: Region.jsm: "Failed to fetch region" (new Error("TIMEOUT", "resource://gre/modules/Region.jsm", 422))
JavaScript error: https://dss1.bdstatic.com/5eN1bjq8AAUYm2zgoY3K/r/www/cache/static/protocol/https/plugins/every_cookie_4644b13.js, line 4: ReferenceError: c is not defined
1616587553399	Marionette	INFO	Stopped listening on port 57897
ram Files\\Mozilla Firefox\\firefox.exe" "-marionette" "-foreground" "-no-remote" "-profile" "C:\\Users\\Dell\\AppData\\Local\\Temp\\rust_mozprofilevQIzUX"
JavaScript error: resource://gre/modules/XULStore.jsm, line 66: Error: Can't find profile directory.
console.warn: SearchSettings: "get: No settings file exists, new profile?" (new Error("", "(unknown module)"))
1616587449831	Marionette	INFO	Listening on port 58144
1616587450749	Marionette	WARN	TLS certificate errors will be ignored for this session
console.error: Region.jsm: "Error fetching region" (new Error("TIMEOUT", "resource://gre/modules/Region.jsm", 775))
console.error: Region.jsm: "Failed to fetch region" (new Error("TIMEOUT", "resource://gre/modules/Region.jsm", 422))
JavaScript warning: https://home.firefoxchina.cn/2019/js/mozMainScript-min.js?v=20201126, line 1: unreachable code after return statement
JavaScript warning: https://home.firefoxchina.cn/2019/js/mozMainScript-min.js?v=20201126, line 1: unreachable code after return statement
JavaScript error: https://dss1.bdstatic.com/5eN1bjq8AAUYm2zgoY3K/r/www/cache/static/protocol/https/plugins/every_cookie_4644b13.js, line 4: ReferenceError: c is not defined
1616587551654	Marionette	INFO	Stopped listening on port 58144
ram Files\\Mozilla Firefox\\firefox.exe" "-marionette" "-foreground" "-no-remote" "-profile" "C:\\Users\\Dell\\AppData\\Local\\Temp\\rust_mozprofilemSLPWX"
JavaScript error: resource://gre/modules/XULStore.jsm, line 66: Error: Can't find profile directory.
console.warn: SearchSettings: "get: No settings file exists, new profile?" (new Error("", "(unknown module)"))
1616587514447	Marionette	INFO	Listening on port 58408
1616587515899	Marionette	WARN	TLS certificate errors will be ignored for this session
console.error: Region.jsm: "Error fetching region" (new Error("TIMEOUT", "resource://gre/modules/Region.jsm", 775))
console.error: Region.jsm: "Failed to fetch region" (new Error("TIMEOUT", "resource://gre/modules/Region.jsm", 422))
JavaScript warning: https://home.firefoxchina.cn/2019/js/mozMainScript-min.js?v=20201126, line 1: unreachable code after return statement
JavaScript warning: https://home.firefoxchina.cn/2019/js/mozMainScript-min.js?v=20201126, line 1: unreachable code after return statement
1616587523648	Marionette	WARN	Ignoring event 'DOMContentLoaded' because document has an invalid readyState of 'complete'.
1616587549976	Marionette	INFO	Stopped listening on port 58408
1616587698857	mozrunner::runner	INFO	Running command: "C:\\Program Files\\Mozilla Firefox\\firefox.exe" "-marionette" "-foreground" "-no-remote" "-profile" "C:\\Users\\Dell\\AppData\\Local\\Temp\\rust_mozprofilefrihhm"
JavaScript error: resource://gre/modules/XULStore.jsm, line 66: Error: Can't find profile directory.
console.warn: SearchSettings: "get: No settings file exists, new profile?" (new Error("", "(unknown module)"))
1616587701948	Marionette	INFO	Listening on port 58743
1616587701986	Marionette	WARN	TLS certificate errors will be ignored for this session
JavaScript warning: https://home.firefoxchina.cn/2019/js/mozMainScript-min.js?v=20201126, line 1: unreachable code after return statement
JavaScript warning: https://home.firefoxchina.cn/2019/js/mozMainScript-min.js?v=20201126, line 1: unreachable code after return statement
1616588209535	addons.xpi	ERROR	System addon update list error Error: Failed downloading XML, status: 0, reason: error
-foreground" "-no-remote" "-profile" "C:\\Users\\Dell\\AppData\\Local\\Temp\\rust_mozprofileGozlI4"
JavaScript error: resource://gre/modules/XULStore.jsm, line 66: Error: Can't find profile directory.
console.warn: SearchSettings: "get: No settings file exists, new profile?" (new Error("", "(unknown module)"))
1616587809169	Marionette	INFO	Listening on port 58946
1616587809270	Marionette	WARN	TLS certificate errors will be ignored for this session
JavaScript warning: https://home.firefoxchina.cn/2019/js/mozMainScript-min.js?v=20201126, line 1: unreachable code after return statement
JavaScript warning: https://home.firefoxchina.cn/2019/js/mozMainScript-min.js?v=20201126, line 1: unreachable code after return statement
JavaScript error: https://dss1.bdstatic.com/5eN1bjq8AAUYm2zgoY3K/r/www/cache/static/protocol/https/plugins/every_cookie_4644b13.js, line 4: ReferenceError: c is not defined
JavaScript error: resource://activity-stream/lib/ASRouter.jsm, line 988: NS_ERROR_ILLEGAL_VALUE: Component returned failure code: 0x80070057 (NS_ERROR_ILLEGAL_VALUE) [nsIObserverService.removeObserver]
JavaScript error: https://dss1.bdstatic.com/5eN1bjq8AAUYm2zgoY3K/r/www/cache/static/protocol/https/global/js/all_async_search_14d462b.js, line 211: TypeError: top is null
1616587819844	Marionette	INFO	Stopped listening on port 58946

###!!! [Child][RunMessage] Error: Channel closing: too late to send/recv, messages will be lost

1616587827019	mozrunner::runner	INFO	Running command: "C:\\Program Files\\Mozilla Firefox\\firefox.exe" "-marionette" "-foreground" "-no-remote" "-profile" "C:\\Users\\Dell\\AppData\\Local\\Temp\\rust_mozprofile9YGzJg"
JavaScript error: resource://gre/modules/XULStore.jsm, line 66: Error: Can't find profile directory.
console.warn: SearchSettings: "get: No settings file exists, new profile?" (new Error("", "(unknown module)"))
1616587831982	Marionette	INFO	Listening on port 59082
1616587832281	Marionette	WARN	TLS certificate errors will be ignored for this session
JavaScript warning: https://home.firefoxchina.cn/2019/js/mozMainScript-min.js?v=20201126, line 1: unreachable code after return statement
JavaScript warning: https://home.firefoxchina.cn/2019/js/mozMainScript-min.js?v=20201126, line 1: unreachable code after return statement
1616587857986	Marionette	INFO	Stopped listening on port 59082

###!!! [Child][RunMessage] Error: Channel closing: too late to send/recv, messages will be lost

